Arguments: 
  E:\Node\node.exe C:\Users\13588\AppData\Roaming\npm\node_modules\yarn\bin\yarn.js init

PATH: 
  C:\Users\13588\bin;C:\Program Files\Git\mingw64\bin;C:\Program Files\Git\usr\local\bin;C:\Program Files\Git\usr\bin;C:\Program Files\Git\usr\bin;C:\Program Files\Git\mingw64\bin;C:\Program Files\Git\usr\bin;C:\Users\13588\bin;C:\Windows\system32;C:\Windows;C:\Windows\System32\Wbem;C:\Windows\System32\WindowsPowerShell\v1.0;C:\Program Files (x86)\NVIDIA Corporation\PhysX\Common;E:\Node;C:\Program Files\Git\cmd;C:\Program Files\Git\mingw64\bin;C:\Program Files\Git\usr\bin;C:\WINDOWS\system32;C:\WINDOWS;C:\WINDOWS\System32\Wbem;C:\WINDOWS\System32\WindowsPowerShell\v1.0;C:\Users\13588\AppData\Local\Microsoft\WindowsApps;E:\Microsoft VS Code\bin;C:\Users\13588\AppData\Roaming\npm;C:\Program Files\Git\usr\bin\vendor_perl;C:\Program Files\Git\usr\bin\core_perl

Yarn version: 
  1.3.2

Node version: 
  8.9.3

Platform: 
  win32 x64

npm manifest: 
  No manifest

yarn manifest: 
  No manifest

Lockfile: 
  No lockfile

Trace: 
  Error: Can't answer a question unless a user TTY
      at ConsoleReporter.question (C:\Users\13588\AppData\Roaming\npm\node_modules\yarn\lib\cli.js:87314:59)
      at Object.<anonymous> (C:\Users\13588\AppData\Roaming\npm\node_modules\yarn\lib\cli.js:81822:38)
      at Generator.next (<anonymous>)
      at step (C:\Users\13588\AppData\Roaming\npm\node_modules\yarn\lib\cli.js:92:30)
      at C:\Users\13588\AppData\Roaming\npm\node_modules\yarn\lib\cli.js:103:13
      at <anonymous>
      at process._tickCallback (internal/process/next_tick.js:188:7)
